<?xml version="1.0" encoding="UTF-8"?>
<!-- Generated by org.testng.reporters.JUnitXMLReporter -->
<testsuite ignored="0" hostname="192.168.1.7" failures="1" tests="6" name="Create tree " time="0.67" errors="0" timestamp="27 Aug 2021 10:36:43 GMT">
  <testcase classname="TestExecutionSuite.BasicFunctionalExecutionSuite" name="@AfterMethod afterEveryMethod" time="0.0">
    <failure type="java.lang.NullPointerException" message="Cannot invoke &amp;quot;org.openqa.selenium.TakesScreenshot.getScreenshotAs(org.openqa.selenium.OutputType)&amp;quot; because &amp;quot;this.driver&amp;quot; is null">
      <![CDATA[java.lang.NullPointerException: Cannot invoke "org.openqa.selenium.TakesScreenshot.getScreenshotAs(org.openqa.selenium.OutputType)" because "this.driver" is null
	at TestCases.CommonTestCases.takeScreenShotOnFailure(CommonTestCases.java:100)
	at TestExecutionSuite.BasicFunctionalExecutionSuite.afterEveryMethod(BasicFunctionalExecutionSuite.java:87)
... Removed 30 stack frames]]>
    </failure>
  </testcase> <!-- @AfterMethod afterEveryMethod -->
  <testcase classname="TestExecutionSuite.BasicFunctionalExecutionSuite" name="@AfterMethod afterEveryMethod" time="0.0">
    <skipped/>
  </testcase> <!-- @AfterMethod afterEveryMethod -->
  <testcase classname="TestExecutionSuite.BasicFunctionalExecutionSuite" name="@AfterMethod afterEveryMethod" time="0.0">
    <skipped/>
  </testcase> <!-- @AfterMethod afterEveryMethod -->
  <testcase classname="TestExecutionSuite.BasicFunctionalExecutionSuite" name="@AfterMethod afterEveryMethod" time="0.0">
    <skipped/>
  </testcase> <!-- @AfterMethod afterEveryMethod -->
  <testcase classname="TestExecutionSuite.BasicFunctionalExecutionSuite" name="@AfterMethod afterEveryMethod" time="0.0">
    <skipped/>
  </testcase> <!-- @AfterMethod afterEveryMethod -->
  <testcase classname="TestExecutionSuite.BasicFunctionalExecutionSuite" name="@AfterMethod afterEveryMethod" time="0.0">
    <skipped/>
  </testcase> <!-- @AfterMethod afterEveryMethod -->
  <testcase classname="TestExecutionSuite.BasicFunctionalExecutionSuite" name="@AfterTest teardown" time="0.0">
    <skipped/>
  </testcase> <!-- @AfterTest teardown -->
  <testcase classname="TestExecutionSuite.BasicFunctionalExecutionSuite" name="driverInitalization" time="0.655">
    <failure type="java.lang.IllegalStateException" message="The path to the driver executable must be set by the webdriver.gecko.driver system property; for more information, see https://github.com/mozilla/geckodriver. The latest version can be downloaded from https://github.com/mozilla/geckodriver/releases">
      <![CDATA[java.lang.IllegalStateException: The path to the driver executable must be set by the webdriver.gecko.driver system property; for more information, see https://github.com/mozilla/geckodriver. The latest version can be downloaded from https://github.com/mozilla/geckodriver/releases
	at com.google.common.base.Preconditions.checkState(Preconditions.java:847)
	at org.openqa.selenium.remote.service.DriverService.findExecutable(DriverService.java:134)
	at org.openqa.selenium.firefox.GeckoDriverService.access$100(GeckoDriverService.java:44)
	at org.openqa.selenium.firefox.GeckoDriverService$Builder.findDefaultExecutable(GeckoDriverService.java:167)
	at org.openqa.selenium.remote.service.DriverService$Builder.build(DriverService.java:355)
	at org.openqa.selenium.firefox.FirefoxDriver.toExecutor(FirefoxDriver.java:190)
	at org.openqa.selenium.firefox.FirefoxDriver.<init>(FirefoxDriver.java:147)
	at org.openqa.selenium.firefox.FirefoxDriver.<init>(FirefoxDriver.java:125)
	at TestCases.DriverInitalization.initalizeDriver(DriverInitalization.java:38)
	at TestCases.CommonTestCases.initalizeDriver(CommonTestCases.java:43)
	at TestExecutionSuite.BasicFunctionalExecutionSuite.driverInitalization(BasicFunctionalExecutionSuite.java:38)
... Removed 28 stack frames]]>
    </failure>
  </testcase> <!-- driverInitalization -->
  <testcase classname="TestExecutionSuite.BasicFunctionalExecutionSuite" name="openUrlForAidashLoginPage" time="0.0">
    <skipped/>
  </testcase> <!-- openUrlForAidashLoginPage -->
  <testcase classname="TestExecutionSuite.BasicFunctionalExecutionSuite" name="LoginToAidash" time="0.0">
    <skipped/>
  </testcase> <!-- LoginToAidash -->
  <testcase classname="TestExecutionSuite.BasicFunctionalExecutionSuite" name="CreateTreeNavigation" time="0.0">
    <skipped/>
  </testcase> <!-- CreateTreeNavigation -->
  <testcase classname="TestExecutionSuite.BasicFunctionalExecutionSuite" name="CreateTree" time="0.0">
    <skipped/>
  </testcase> <!-- CreateTree -->
  <testcase classname="TestExecutionSuite.BasicFunctionalExecutionSuite" name="CreateTreeScreen2" time="0.0">
    <skipped/>
  </testcase> <!-- CreateTreeScreen2 -->
</testsuite> <!-- Create tree  -->
