<?xml version="1.0" encoding="UTF-8"?>
<!-- Generated by org.testng.reporters.JUnitXMLReporter -->
<testsuite ignored="0" hostname="192.168.1.7" failures="1" tests="8" name="Update Tree" time="0.169" errors="0" timestamp="27 Aug 2021 11:19:03 GMT">
  <testcase classname="TestExecutionSuite.UpdateTreeTestCases" name="@AfterMethod afterEveryMethod" time="0.0">
    <failure type="java.lang.NullPointerException" message="Cannot invoke &amp;quot;org.openqa.selenium.TakesScreenshot.getScreenshotAs(org.openqa.selenium.OutputType)&amp;quot; because &amp;quot;this.driver&amp;quot; is null">
      <![CDATA[java.lang.NullPointerException: Cannot invoke "org.openqa.selenium.TakesScreenshot.getScreenshotAs(org.openqa.selenium.OutputType)" because "this.driver" is null
	at TestCases.EditTreeTestCases.takeScreenShotOnFailure(EditTreeTestCases.java:119)
	at TestExecutionSuite.UpdateTreeTestCases.afterEveryMethod(UpdateTreeTestCases.java:96)
... Removed 30 stack frames]]>
    </failure>
  </testcase> <!-- @AfterMethod afterEveryMethod -->
  <testcase classname="TestExecutionSuite.UpdateTreeTestCases" name="@AfterMethod afterEveryMethod" time="0.0">
    <skipped/>
  </testcase> <!-- @AfterMethod afterEveryMethod -->
  <testcase classname="TestExecutionSuite.UpdateTreeTestCases" name="@AfterMethod afterEveryMethod" time="0.0">
    <skipped/>
  </testcase> <!-- @AfterMethod afterEveryMethod -->
  <testcase classname="TestExecutionSuite.UpdateTreeTestCases" name="@AfterMethod afterEveryMethod" time="0.0">
    <skipped/>
  </testcase> <!-- @AfterMethod afterEveryMethod -->
  <testcase classname="TestExecutionSuite.UpdateTreeTestCases" name="@AfterMethod afterEveryMethod" time="0.0">
    <skipped/>
  </testcase> <!-- @AfterMethod afterEveryMethod -->
  <testcase classname="TestExecutionSuite.UpdateTreeTestCases" name="@AfterMethod afterEveryMethod" time="0.0">
    <skipped/>
  </testcase> <!-- @AfterMethod afterEveryMethod -->
  <testcase classname="TestExecutionSuite.UpdateTreeTestCases" name="@AfterMethod afterEveryMethod" time="0.0">
    <skipped/>
  </testcase> <!-- @AfterMethod afterEveryMethod -->
  <testcase classname="TestExecutionSuite.UpdateTreeTestCases" name="@AfterMethod afterEveryMethod" time="0.0">
    <skipped/>
  </testcase> <!-- @AfterMethod afterEveryMethod -->
  <testcase classname="TestExecutionSuite.UpdateTreeTestCases" name="@AfterTest teardown" time="0.0">
    <skipped/>
  </testcase> <!-- @AfterTest teardown -->
  <testcase classname="TestExecutionSuite.UpdateTreeTestCases" name="driverInitalization" time="0.164">
    <failure type="java.lang.IllegalStateException" message="Specified firefox binary location does not exist or is not a real file: /usr/bin/firefox">
      <![CDATA[java.lang.IllegalStateException: Specified firefox binary location does not exist or is not a real file: /usr/bin/firefox
	at com.google.common.base.Preconditions.checkState(Preconditions.java:504)
	at org.openqa.selenium.firefox.Executable.<init>(Executable.java:43)
	at org.openqa.selenium.firefox.FirefoxBinary.<init>(FirefoxBinary.java:123)
	at org.openqa.selenium.firefox.FirefoxOptions$Binary.asBinary(FirefoxOptions.java:420)
	at java.base/java.util.Optional.map(Optional.java:260)
	at org.openqa.selenium.firefox.FirefoxOptions.getBinaryOrNull(FirefoxOptions.java:220)
	at org.openqa.selenium.firefox.FirefoxOptions.getBinary(FirefoxOptions.java:216)
	at org.openqa.selenium.firefox.FirefoxDriver.toExecutor(FirefoxDriver.java:187)
	at org.openqa.selenium.firefox.FirefoxDriver.<init>(FirefoxDriver.java:147)
	at TestCases.DriverInitalization.initalizeDriver(DriverInitalization.java:38)
	at TestCases.EditTreeTestCases.initalizeDriver(EditTreeTestCases.java:44)
	at TestExecutionSuite.UpdateTreeTestCases.driverInitalization(UpdateTreeTestCases.java:34)
... Removed 28 stack frames]]>
    </failure>
  </testcase> <!-- driverInitalization -->
  <testcase classname="TestExecutionSuite.UpdateTreeTestCases" name="openUrlForAidashLoginPage" time="0.001">
    <skipped/>
  </testcase> <!-- openUrlForAidashLoginPage -->
  <testcase classname="TestExecutionSuite.UpdateTreeTestCases" name="LoginToAidash" time="0.0">
    <skipped/>
  </testcase> <!-- LoginToAidash -->
  <testcase classname="TestExecutionSuite.UpdateTreeTestCases" name="Navigation" time="0.0">
    <skipped/>
  </testcase> <!-- Navigation -->
  <testcase classname="TestExecutionSuite.UpdateTreeTestCases" name="ListTreeCardsPage" time="0.0">
    <skipped/>
  </testcase> <!-- ListTreeCardsPage -->
  <testcase classname="TestExecutionSuite.UpdateTreeTestCases" name="EditTreeCardsPage" time="0.0">
    <skipped/>
  </testcase> <!-- EditTreeCardsPage -->
  <testcase classname="TestExecutionSuite.UpdateTreeTestCases" name="UpdateTreeCardsPage" time="0.0">
    <skipped/>
  </testcase> <!-- UpdateTreeCardsPage -->
  <testcase classname="TestExecutionSuite.UpdateTreeTestCases" name="CreateTreeScreen3" time="0.0">
    <skipped/>
  </testcase> <!-- CreateTreeScreen3 -->
</testsuite> <!-- Update Tree -->
